2023/11/19 08:35:45 サーバー起動中...
2023/11/19 08:36:11 ユーザー作成エラー. ユーザー名: newuser, エラー: Error 1064 (42000): You have an error in your SQL syntax; check the manual that corresponds to your MySQL server version for the right syntax to use near '? IDENTIFIED BY ?' at line 1
2023/11/19 08:37:15 サーバー起動中...
2023/11/19 08:37:21 ユーザー作成エラー. ユーザー名: newuser, エラー: Error 1064 (42000): You have an error in your SQL syntax; check the manual that corresponds to your MySQL server version for the right syntax to use near '? IDENTIFIED BY ?' at line 1
2023/11/19 08:39:20 サーバー起動中...
2023/11/19 08:40:01 サーバー起動中...
2023/11/19 08:46:08 ユーザー作成エラー. ユーザー名: newuser, エラー: Error 1064 (42000): You have an error in your SQL syntax; check the manual that corresponds to your MySQL server version for the right syntax to use near '? IDENTIFIED BY ?' at line 1
2023/11/19 08:50:07 サーバー起動中...
2023/11/19 08:50:11 権限付与エラー. ユーザー名: newuser, 権限: SELECT, INSERT, スキーマ: CreateUserDB, エラー: Error 1064 (42000): You have an error in your SQL syntax; check the manual that corresponds to your MySQL server version for the right syntax to use near '?' at line 1
2023/11/19 09:02:00 サーバー起動中...
2023/11/19 09:02:04 ユーザー作成エラー. ユーザー名: newuser, エラー: Error 1396 (HY000): Operation CREATE USER failed for 'newuser'@'%'
2023/11/19 09:03:15 サーバー起動中...
2023/11/19 09:03:56 サーバー起動中...
2023/11/19 09:04:01 権限付与エラー. ユーザー名: newuser1, 権限: SELECT, INSERT, スキーマ: CreateUserDB, エラー: Error 1064 (42000): You have an error in your SQL syntax; check the manual that corresponds to your MySQL server version for the right syntax to use near ''SELECT, INSERT' ON 'CreateUserDB'.* TO 'newuser1'' at line 1
2023/11/19 09:09:52 サーバー起動中...
2023/11/19 09:09:56 権限付与エラー. ユーザー名: newuser2, 権限: SELECT, INSERT, スキーマ: CreateUserDB, エラー: Error 1064 (42000): You have an error in your SQL syntax; check the manual that corresponds to your MySQL server version for the right syntax to use near ''SELECT, INSERT' ON 'CreateUserDB'.* TO 'newuser2'' at line 1
2023/11/19 09:10:51 サーバー起動中...
2023/11/19 09:11:04 権限付与エラー. ユーザー名: newuser4, 権限: SELECT, INSERT, スキーマ: CreateUserDB, エラー: Error 1064 (42000): You have an error in your SQL syntax; check the manual that corresponds to your MySQL server version for the right syntax to use near ''SELECT, INSERT' ON 'CreateUserDB'.* TO 'newuser4'' at line 1
2023/11/19 09:11:49 サーバー起動中...
2023/11/19 09:12:14 ユーザー作成エラー. ユーザー名: newuser2, エラー: Error 1396 (HY000): Operation CREATE USER failed for 'newuser2'@'%'
2023/11/19 09:12:29 ユーザー作成成功. ユーザー名: newuser5, 権限: SELECT, INSERT, スキーマ: CreateUserDB
2023/11/19 09:17:06 ユーザー作成成功. ユーザー名: newuser, 権限: SELECT, INSERT, スキーマ: CreateUserDB
